<?xml version="1.0" encoding="UTF-8"?>
<testsuite name="statistics.MultiMapUnitTest" tests="1" skipped="0" failures="0" errors="0" timestamp="2017-11-15T17:56:39" hostname="giovanni-PC" time="0.002">
  <properties/>
  <testcase name="testMultiMap" classname="statistics.MultiMapUnitTest" time="0.002"/>
  <system-out><![CDATA[]]></system-out>
  <system-err><![CDATA[]]></system-err>
</testsuite>
