<?xml version="1.0" encoding="UTF-8"?>
<testsuite name="library.ShelfUnitTest" tests="6" skipped="0" failures="0" errors="0" timestamp="2017-11-15T17:56:39" hostname="giovanni-PC" time="0.017">
  <properties/>
  <testcase name="testPositiveCpacityShelfConstructor" classname="library.ShelfUnitTest" time="0.002"/>
  <testcase name="testExceedCapacityShelfConstructor" classname="library.ShelfUnitTest" time="0.001"/>
  <testcase name="testShelfCalleeSideEffects" classname="library.ShelfUnitTest" time="0.001"/>
  <testcase name="testPositiveCpacityShelfConstructor" classname="library.ShelfUnitTest" time="0.001"/>
  <testcase name="testExceedCapacityShelfConstructor" classname="library.ShelfUnitTest" time="0.0"/>
  <testcase name="testShelfCalleeSideEffects" classname="library.ShelfUnitTest" time="0.001"/>
  <system-out><![CDATA[]]></system-out>
  <system-err><![CDATA[]]></system-err>
</testsuite>
