<?xml version="1.0" encoding="UTF-8"?>
<testsuite name="library.LibraryStatisticsTest" tests="2" skipped="0" failures="0" errors="0" timestamp="2017-11-15T17:56:39" hostname="giovanni-PC" time="0.03">
  <properties/>
  <testcase name="testLibraryStatistics" classname="library.LibraryStatisticsTest" time="0.002"/>
  <testcase name="testLibraryStatistics" classname="library.LibraryStatisticsTest" time="0.001"/>
  <system-out><![CDATA[]]></system-out>
  <system-err><![CDATA[]]></system-err>
</testsuite>
