<?xml version="1.0" encoding="UTF-8"?>
<testsuite name="library.BookUnitTest" tests="6" skipped="0" failures="0" errors="0" timestamp="2017-11-15T17:56:39" hostname="giovanni-PC" time="0.038">
  <properties/>
  <testcase name="testBookEquality" classname="library.BookUnitTest" time="0.001"/>
  <testcase name="testBookCalleSideEffects" classname="library.BookUnitTest" time="0.0"/>
  <testcase name="testBookConstructor" classname="library.BookUnitTest" time="0.001"/>
  <testcase name="testBookEquality" classname="library.BookUnitTest" time="0.0"/>
  <testcase name="testBookCalleSideEffects" classname="library.BookUnitTest" time="0.001"/>
  <testcase name="testBookConstructor" classname="library.BookUnitTest" time="0.001"/>
  <system-out><![CDATA[]]></system-out>
  <system-err><![CDATA[]]></system-err>
</testsuite>
