<?xml version="1.0" encoding="UTF-8"?>
<testsuite name="statistics.PCD1718StatisticheUnitTest" tests="3" skipped="0" failures="0" errors="0" timestamp="2017-11-15T17:56:39" hostname="giovanni-PC" time="0.092">
  <properties/>
  <testcase name="testInexistentIntputfile" classname="statistics.PCD1718StatisticheUnitTest" time="0.002"/>
  <testcase name="parseCorrectInputFormat" classname="statistics.PCD1718StatisticheUnitTest" time="0.086"/>
  <testcase name="testNoArgs" classname="statistics.PCD1718StatisticheUnitTest" time="0.0"/>
  <system-out><![CDATA[]]></system-out>
  <system-err><![CDATA[]]></system-err>
</testsuite>
